<?xml version="1.0" encoding="UTF-8"?>
<testng-results skipped="0" failed="0" total="1" passed="1">
  <reporter-output>
  </reporter-output>
  <suite name="test.java.com.googletests.GoogleTest" duration-ms="20055" started-at="2015-03-18T12:25:08Z" finished-at="2015-03-18T12:25:28Z">
    <groups>
    </groups>
    <test name="Command line test" duration-ms="20055" started-at="2015-03-18T12:25:08Z" finished-at="2015-03-18T12:25:28Z">
      <class name="test.java.com.googletests.GoogleTest">
        <test-method status="PASS" signature="beforeClass()" name="beforeClass" is-config="true" duration-ms="19119" started-at="2015-03-18T12:25:08Z" finished-at="2015-03-18T12:25:27Z">
        </test-method>
        <test-method status="PASS" signature="testGoogle()" name="testGoogle" duration-ms="4" started-at="2015-03-18T12:25:27Z" finished-at="2015-03-18T12:25:27Z">
        </test-method>
        <test-method status="PASS" signature="afterClass()" name="afterClass" is-config="true" duration-ms="916" started-at="2015-03-18T12:25:27Z" finished-at="2015-03-18T12:25:28Z">
        </test-method>
      </class>
    </test>
  </suite>
</testng-results>
