<?xml version="1.0" encoding="UTF-8"?>
<testng-results skipped="0" failed="0" total="1" passed="1">
  <reporter-output>
  </reporter-output>
  <suite name="Default suite" duration-ms="20579" started-at="2015-03-16T19:23:20Z" finished-at="2015-03-16T19:23:41Z">
    <groups>
    </groups>
    <test name="Default test" duration-ms="20579" started-at="2015-03-16T19:23:20Z" finished-at="2015-03-16T19:23:41Z">
      <class name="com.googletests.GoogleTests">
        <test-method status="PASS" signature="beforeClass()[pri:0, instance:com.googletests.GoogleTests@1e643faf]" name="beforeClass" is-config="true" duration-ms="19683" started-at="2015-03-16T20:23:20Z" finished-at="2015-03-16T20:23:40Z">
          <reporter-output>
          </reporter-output>
        </test-method> <!-- beforeClass -->
        <test-method status="PASS" signature="testGoogle()[pri:0, instance:com.googletests.GoogleTests@1e643faf]" name="testGoogle" duration-ms="15" started-at="2015-03-16T20:23:40Z" finished-at="2015-03-16T20:23:40Z">
          <reporter-output>
          </reporter-output>
        </test-method> <!-- testGoogle -->
        <test-method status="PASS" signature="afterClass()[pri:0, instance:com.googletests.GoogleTests@1e643faf]" name="afterClass" is-config="true" duration-ms="852" started-at="2015-03-16T20:23:40Z" finished-at="2015-03-16T20:23:41Z">
          <reporter-output>
          </reporter-output>
        </test-method> <!-- afterClass -->
      </class> <!-- com.googletests.GoogleTests -->
    </test> <!-- Default test -->
  </suite> <!-- Default suite -->
</testng-results>
