<?xml version="1.0" encoding="UTF-8"?>
<testng-results skipped="0" failed="0" total="1" passed="1">
  <reporter-output>
  </reporter-output>
  <suite name="Default suite" duration-ms="20450" started-at="2015-03-18T11:14:39Z" finished-at="2015-03-18T11:14:59Z">
    <groups>
    </groups>
    <test name="Default test" duration-ms="20450" started-at="2015-03-18T11:14:39Z" finished-at="2015-03-18T11:14:59Z">
      <class name="com.googletests.GoogleTest">
        <test-method status="PASS" signature="beforeClass()[pri:0, instance:com.googletests.GoogleTest@6a5fc7f7]" name="beforeClass" is-config="true" duration-ms="19538" started-at="2015-03-18T12:14:39Z" finished-at="2015-03-18T12:14:58Z">
          <reporter-output>
          </reporter-output>
        </test-method> <!-- beforeClass -->
        <test-method status="PASS" signature="testGoogle()[pri:0, instance:com.googletests.GoogleTest@6a5fc7f7]" name="testGoogle" duration-ms="16" started-at="2015-03-18T12:14:58Z" finished-at="2015-03-18T12:14:58Z">
          <reporter-output>
          </reporter-output>
        </test-method> <!-- testGoogle -->
        <test-method status="PASS" signature="afterClass()[pri:0, instance:com.googletests.GoogleTest@6a5fc7f7]" name="afterClass" is-config="true" duration-ms="859" started-at="2015-03-18T12:14:58Z" finished-at="2015-03-18T12:14:59Z">
          <reporter-output>
          </reporter-output>
        </test-method> <!-- afterClass -->
      </class> <!-- com.googletests.GoogleTest -->
    </test> <!-- Default test -->
  </suite> <!-- Default suite -->
</testng-results>
